<?xml version="1.0" encoding="UTF-8"?>
<testng-results skipped="0" failed="0" ignored="0" total="1" passed="1">
  <reporter-output>
  </reporter-output>
  <suite name="Default suite" duration-ms="31839" started-at="2018-07-06T21:10:55Z" finished-at="2018-07-06T21:11:26Z">
    <groups>
    </groups>
    <test name="Default test" duration-ms="31839" started-at="2018-07-06T21:10:55Z" finished-at="2018-07-06T21:11:26Z">
      <class name="de.instafame.bot.Bot">
        <test-method status="PASS" signature="testUserLoginKnowledgeCenter()[pri:1, instance:de.instafame.bot.Bot@544fa968]" name="testUserLoginKnowledgeCenter" duration-ms="20853" started-at="2018-07-06T23:10:55Z" finished-at="2018-07-06T23:11:16Z">
          <reporter-output>
          </reporter-output>
        </test-method> <!-- testUserLoginKnowledgeCenter -->
        <test-method status="PASS" signature="tearDown(org.testng.ITestResult)[pri:0, instance:de.instafame.bot.Bot@544fa968]" name="tearDown" is-config="true" duration-ms="10968" started-at="2018-07-06T23:11:16Z" finished-at="2018-07-06T23:11:26Z">
          <params>
            <param index="0">
              <value>
                <![CDATA[[TestResult name=testUserLoginKnowledgeCenter status=SUCCESS method=Bot.testUserLoginKnowledgeCenter()[pri:1, instance:de.instafame.bot.Bot@544fa968] output={null}]]]>
              </value>
            </param>
          </params>
          <reporter-output>
          </reporter-output>
        </test-method> <!-- tearDown -->
      </class> <!-- de.instafame.bot.Bot -->
    </test> <!-- Default test -->
  </suite> <!-- Default suite -->
</testng-results>
